Arguments: 
  /Users/noahthorp/.nvm/versions/node/v10.13.0/bin/node /Users/noahthorp/.nvm/versions/node/v10.13.0/bin/yarn init

PATH: 
  /Users/noahthorp/.rvm/gems/ruby-2.4.4/bin:/Users/noahthorp/.rvm/gems/ruby-2.4.4@global/bin:/Users/noahthorp/.rvm/rubies/ruby-2.4.4/bin:/Users/noahthorp/.nvm/versions/node/v10.13.0/bin:/usr/local/bin:/usr/bin:/bin:/usr/sbin:/sbin:/Users/noahthorp/.rvm/bin

Yarn version: 
  1.12.3

Node version: 
  10.13.0

Platform: 
  darwin x64

Trace: 
  Error: canceled
      at Interface.<anonymous> (/Users/noahthorp/.nvm/versions/node/v10.13.0/lib/node_modules/yarn/lib/cli.js:125278:13)
      at Interface.emit (events.js:182:13)
      at Interface._ttyWrite (readline.js:783:16)
      at ReadStream.onkeypress (readline.js:168:10)
      at ReadStream.emit (events.js:182:13)
      at emitKeys (internal/readline.js:424:14)
      at emitKeys.next (<anonymous>)
      at ReadStream.onData (readline.js:1022:36)
      at ReadStream.emit (events.js:182:13)
      at addChunk (_stream_readable.js:283:12)

npm manifest: 
  No manifest

yarn manifest: 
  No manifest

Lockfile: 
  No lockfile
